01 ~~~~~~~~~~~~~~ 当前行 ==> 
#!/usr/bin/python
原始上一行缩进：0
原始当前行缩进：0
转换上一行缩进：0
转换当前行缩进：0
####current _fix _indent = 0
01 ~~~~~~~~~~~~~~ 修正行 ==> 
#!/usr/bin/perl -w
--------------------------------------------------
02 ~~~~~~~~~~~~~~ 当前行 ==> 

原始上一行缩进：0
原始当前行缩进：0
转换上一行缩进：0
转换当前行缩进：0
####current _fix _indent = 0
02 ~~~~~~~~~~~~~~ 修正行 ==> 

--------------------------------------------------
03 ~~~~~~~~~~~~~~ 当前行 ==> 
a = []
原始上一行缩进：0
原始当前行缩进：0
转换上一行缩进：0
转换当前行缩进：0
####current _fix _indent = 0
*******情况: 单行表达式 ---> 
处理前0，表达式为：a = []
处理后1，表达式为：a = []
处理后2，表达式为：a = []
处理后3，表达式为：a = []
1 ---> a
2 ---> =
类型 -> [ -- ]
---content
novarset 
2222222222222_0
*@ var = a
varia => 
nover => a
expr => @a = ()
03 ~~~~~~~~~~~~~~ 修正行 ==> 
@a = ();
--------------------------------------------------
04 ~~~~~~~~~~~~~~ 当前行 ==> 
for i in range(0,5):
原始上一行缩进：0
原始当前行缩进：0
转换上一行缩进：0
转换当前行缩进：0
####current _fix _indent = 0
********情况: for in ---> 
行内容 ==> for i in range(0,5):
前缀 ==> for
项目 ==> i
循环范围 ==> range(0,5)
执行单行语句体 ==> 
当前pref = foreach
当前o1 = foreach
处理前0，表达式为：i
处理后1，表达式为：i
处理后2，表达式为：i
处理后3，表达式为：i
*@ var = i
varia => i
nover => a
expr => $i
当前o2 = foreach $i (
处理前0，表达式为：range(0,5)
处理后1，表达式为：range(0,5)
处理后2，表达式为：range(0,5)
处理后3，表达式为：range(0,5)
4444444444444
*@ var = 
varia => i
nover => a
expr => 0..5-1
当前o3 = foreach $i (0..5-1 ) {
多行模式
04 ~~~~~~~~~~~~~~ 修正行 ==> 
foreach $i (0..5-1 ) {
--------------------------------------------------
05 ~~~~~~~~~~~~~~ 当前行 ==> 
	for _ in range (1,    2)    :
原始上一行缩进：0
原始当前行缩进：1
======
转换上一行缩进：0
转换当前行缩进：1
####current _fix _indent = 1
********情况: for in ---> 
行内容 ==> 	for _ in range (1,    2)    :
前缀 ==> for
项目 ==> _
循环范围 ==> range (1,    2)    
执行单行语句体 ==> 
当前pref = foreach
当前o1 = foreach
处理前0，表达式为：_
处理后1，表达式为：_
处理后2，表达式为：_
处理后3，表达式为：_
*@ var = _
varia => i _
nover => a
expr => $_
当前o2 = foreach $_ (
处理前0，表达式为：range (1,    2)    
处理后1，表达式为：range (1,    2)    
处理后2，表达式为：range (1,    2)    
处理后3，表达式为：range (1, 2)
4444444444444
*@ var = 
varia => i _
nover => a
expr => 1.. 2-1
当前o3 = foreach $_ (1.. 2-1 ) {
多行模式
05 ~~~~~~~~~~~~~~ 修正行 ==> 
	foreach $_ (1.. 2-1 ) {
--------------------------------------------------
06 ~~~~~~~~~~~~~~ 当前行 ==> 
		print(i)
原始上一行缩进：1
原始当前行缩进：2
转换上一行缩进：1
转换当前行缩进：2
####current _fix _indent = 2
*******情况: 打印 ---> 
当前内容：i
当前模式：打印表达式
处理前0，表达式为：i
处理后1，表达式为：i
处理后2，表达式为：i
处理后3，表达式为：i
*@ var = i
varia => i _ i
nover => a
expr => $i
jieguo = print $i,"\n";

06 ~~~~~~~~~~~~~~ 修正行 ==> 
		print $i,"\n";
--------------------------------------------------
dint = 2
末尾判断
转换上一行缩进：2
转换当前行缩进：0
